C51 COMPILER V9.56.0.0   STEPPER_MOTOR                                                     09/14/2023 16:11:06 PAGE 1   


C51 COMPILER V9.56.0.0, COMPILATION OF MODULE STEPPER_MOTOR
OBJECT MODULE PLACED IN .\Objects\Stepper_Motor.obj
COMPILER INVOKED BY: C:\Keil_v5\C51\BIN\C51.EXE Stepper_Motor.c OPTIMIZE(8,SPEED) BROWSE DEBUG OBJECTEXTEND PRINT(.\List
                    -ings\Stepper_Motor.lst) TABS(2) OBJECT(.\Objects\Stepper_Motor.obj)

line level    source

   1          #include <reg51.h>
   2          void MSDelay(unsigned int t);
   3          
   4          int main(){
   5   1      while(1)
   6   1      {
   7   2      P1=0X06;
   8   2      MSDelay(200);
   9   2      P1=0X0C;
  10   2      MSDelay(200);
  11   2      P1=0X09;
  12   2      MSDelay(200);
  13   2      P1=0X03;
  14   2      MSDelay(200);
  15   2      }
  16   1      }
  17          void MSDelay(unsigned int t)
  18          {
  19   1        
  20   1        unsigned int i,j;
  21   1        for(i=0;i<t;i++){
  22   2          for(j=0;j<1275;j++){
  23   3        }
  24   2      }
  25   1      }


MODULE INFORMATION:   STATIC OVERLAYABLE
   CODE SIZE        =     62    ----
   CONSTANT SIZE    =   ----    ----
   XDATA SIZE       =   ----    ----
   PDATA SIZE       =   ----    ----
   DATA SIZE        =   ----    ----
   IDATA SIZE       =   ----    ----
   BIT SIZE         =   ----    ----
END OF MODULE INFORMATION.


C51 COMPILATION COMPLETE.  0 WARNING(S),  0 ERROR(S)
