C51 COMPILER V9.56.0.0   HEX_COUNT                                                         08/09/2023 09:15:12 PAGE 1   


C51 COMPILER V9.56.0.0, COMPILATION OF MODULE HEX_COUNT
OBJECT MODULE PLACED IN .\Objects\hex_count.obj
COMPILER INVOKED BY: C:\Keil_v5\C51\BIN\C51.EXE hex_count.c OPTIMIZE(8,SPEED) BROWSE DEBUG OBJECTEXTEND PRINT(.\Listings
                    -\hex_count.lst) TABS(2) OBJECT(.\Objects\hex_count.obj)

line level    source

   1          #include <reg51.h>
   2          void MSDelay(unsigned int);
   3          void main(void)
   4          {
   5   1        unsigned int s;
   6   1        for(s=0;s<=255;s++)
   7   1        {
   8   2          P1=s;
   9   2          MSDelay(250);
  10   2        }
  11   1      }
  12          
  13          void MSDelay(unsigned int itime)
  14          {
  15   1        unsigned int i,j;
  16   1        for(i=0;i<itime;i++)
  17   1        {
  18   2          for(j=0;j<1275;j++)
  19   2          {
  20   3          }
  21   2        }
  22   1          
  23   1      }


MODULE INFORMATION:   STATIC OVERLAYABLE
   CODE SIZE        =     65    ----
   CONSTANT SIZE    =   ----    ----
   XDATA SIZE       =   ----    ----
   PDATA SIZE       =   ----    ----
   DATA SIZE        =   ----       2
   IDATA SIZE       =   ----    ----
   BIT SIZE         =   ----    ----
END OF MODULE INFORMATION.


C51 COMPILATION COMPLETE.  0 WARNING(S),  0 ERROR(S)
