C51 COMPILER V9.56.0.0   LED_BLINKING                                                      08/31/2023 14:19:57 PAGE 1   


C51 COMPILER V9.56.0.0, COMPILATION OF MODULE LED_BLINKING
OBJECT MODULE PLACED IN .\Objects\LED_Blinking.obj
COMPILER INVOKED BY: C:\Keil_v5\C51\BIN\C51.EXE D:\Indrajeet_32330\LED_Blinking.c OPTIMIZE(8,SPEED) BROWSE DEBUG OBJECTE
                    -XTEND PRINT(.\Listings\LED_Blinking.lst) TABS(2) OBJECT(.\Objects\LED_Blinking.obj)

line level    source

   1          #include<reg51.h>
   2          
   3          void MSDelay(unsigned int);
   4          
   5          void main(void)
   6          {
   7   1           while(1)
   8   1         {
   9   2             P1=0x55;
  10   2             MSDelay(250);  
  11   2             P1=0xAA;
  12   2             MSDelay(250);
  13   2         }
  14   1      }
  15          
  16          void MSDelay(unsigned int itime)
  17          {
  18   1           unsigned int i,j;
  19   1         for(i=0;i<itime;i++)
  20   1         {
  21   2             for(j=0;j<1275;j++)
  22   2           {
  23   3               
  24   3           }
  25   2         }
  26   1      }


MODULE INFORMATION:   STATIC OVERLAYABLE
   CODE SIZE        =     54    ----
   CONSTANT SIZE    =   ----    ----
   XDATA SIZE       =   ----    ----
   PDATA SIZE       =   ----    ----
   DATA SIZE        =   ----    ----
   IDATA SIZE       =   ----    ----
   BIT SIZE         =   ----    ----
END OF MODULE INFORMATION.


C51 COMPILATION COMPLETE.  0 WARNING(S),  0 ERROR(S)
