C51 COMPILER V9.56.0.0   SINE                                                              08/30/2023 09:13:57 PAGE 1   


C51 COMPILER V9.56.0.0, COMPILATION OF MODULE SINE
OBJECT MODULE PLACED IN .\Objects\sine.obj
COMPILER INVOKED BY: C:\Keil_v5\C51\BIN\C51.EXE sine.c OPTIMIZE(8,SPEED) BROWSE DEBUG OBJECTEXTEND PRINT(.\Listings\sine
                    -.lst) TABS(2) OBJECT(.\Objects\sine.obj)

line level    source

   1          #include<reg51.h>
   2          void main(){
   3   1      unsigned char sine_val[12]={128,192,238,255,238,192,128,64,17,0,17,64};
   4   1            unsigned char x;
   5   1            while(1)
   6   1            {
   7   2              for(x=0;x<12;x++)
   8   2              {
   9   3              P1=sine_val[x];
  10   3              }
  11   2            }
  12   1      }


MODULE INFORMATION:   STATIC OVERLAYABLE
   CODE SIZE        =     34    ----
   CONSTANT SIZE    =     12    ----
   XDATA SIZE       =   ----    ----
   PDATA SIZE       =   ----    ----
   DATA SIZE        =   ----      12
   IDATA SIZE       =   ----    ----
   BIT SIZE         =   ----    ----
END OF MODULE INFORMATION.


C51 COMPILATION COMPLETE.  0 WARNING(S),  0 ERROR(S)
