C51 COMPILER V9.56.0.0   TRIANGULAR                                                        08/30/2023 08:44:07 PAGE 1   


C51 COMPILER V9.56.0.0, COMPILATION OF MODULE TRIANGULAR
OBJECT MODULE PLACED IN .\Objects\triangular.obj
COMPILER INVOKED BY: C:\Keil_v5\C51\BIN\C51.EXE triangular.c OPTIMIZE(8,SPEED) BROWSE DEBUG OBJECTEXTEND PRINT(.\Listing
                    -s\triangular.lst) TABS(2) OBJECT(.\Objects\triangular.obj)

line level    source

   1          #include<reg51.h>
   2          void msDelay(unsigned int );
   3          void main(){
   4   1        while(1){
   5   2        int i;
   6   2        for(i=0;i<=255;i++){
   7   3          P1=i;
   8   3          msDelay(100);
   9   3          }
  10   2          for(i=255;i>=0;i--){
  11   3          P1=i;
  12   3          msDelay(100);
  13   3          }
  14   2        }
  15   1      }
  16          void msDelay(unsigned int itime)
  17          { 
  18   1        unsigned int i,j;
  19   1        for(i=0;i<itime;i++)
  20   1        {
  21   2          for(j=0;j<1275;j++)
  22   2          {
  23   3          }
  24   2        }
  25   1      }


MODULE INFORMATION:   STATIC OVERLAYABLE
   CODE SIZE        =     94    ----
   CONSTANT SIZE    =   ----    ----
   XDATA SIZE       =   ----    ----
   PDATA SIZE       =   ----    ----
   DATA SIZE        =   ----       2
   IDATA SIZE       =   ----    ----
   BIT SIZE         =   ----    ----
END OF MODULE INFORMATION.


C51 COMPILATION COMPLETE.  0 WARNING(S),  0 ERROR(S)
